<?xml version="1.0" encoding="UTF-8"?>
<testsuite xmlns:xsi="http://www.w3.org/2001/XMLSchema-instance" xsi:noNamespaceSchemaLocation="https://maven.apache.org/surefire/maven-surefire-plugin/xsd/surefire-test-report-3.0.xsd" version="3.0" name="com.ciudadania360.subsistematramitacion.application.service.ProcesoBPMServicioTest" time="0.074" tests="5" errors="0" skipped="0" failures="0">
  <properties>
[...]
</properties>
  <testcase name="createDelegatesToHandler" classname="com.ciudadania360.subsistematramitacion.application.service.ProcesoBPMServicioTest" time="0.049"/>
  <testcase name="deleteDelegatesToHandler" classname="com.ciudadania360.subsistematramitacion.application.service.ProcesoBPMServicioTest" time="0.005"/>
  <testcase name="getDelegatesToHandler" classname="com.ciudadania360.subsistematramitacion.application.service.ProcesoBPMServicioTest" time="0.005"/>
  <testcase name="updateDelegatesToHandler" classname="com.ciudadania360.subsistematramitacion.application.service.ProcesoBPMServicioTest" time="0.005"/>
  <testcase name="listDelegatesToHandler" classname="com.ciudadania360.subsistematramitacion.application.service.ProcesoBPMServicioTest" time="0.004"/>
</testsuite>